yarn install v1.21.1
verbose 0.161098795 Checking for configuration file "/Users/lisijia/work/ke/tmp/lessons_fe_efficiency/19_install/with_yarn/.npmrc".
verbose 0.161803629 Checking for configuration file "/Users/lisijia/.npmrc".
verbose 0.162023969 Checking for configuration file "/usr/local/etc/npmrc".
verbose 0.162187559 Checking for configuration file "/Users/lisijia/work/ke/tmp/lessons_fe_efficiency/19_install/with_yarn/.npmrc".
verbose 0.162311436 Checking for configuration file "/Users/lisijia/work/ke/tmp/lessons_fe_efficiency/19_install/.npmrc".
verbose 0.162429829 Checking for configuration file "/Users/lisijia/work/ke/tmp/lessons_fe_efficiency/.npmrc".
verbose 0.162548393 Checking for configuration file "/Users/lisijia/work/ke/tmp/.npmrc".
verbose 0.162693031 Found configuration file "/Users/lisijia/work/ke/tmp/.npmrc".
verbose 0.16304253 Checking for configuration file "/Users/lisijia/work/ke/.npmrc".
verbose 0.16316554 Checking for configuration file "/Users/lisijia/work/.npmrc".
verbose 0.163274446 Checking for configuration file "/Users/lisijia/.npmrc".
verbose 0.163378584 Checking for configuration file "/Users/.npmrc".
verbose 0.165000482 Checking for configuration file "/Users/lisijia/work/ke/tmp/lessons_fe_efficiency/19_install/with_yarn/.yarnrc".
verbose 0.165201343 Found configuration file "/Users/lisijia/work/ke/tmp/lessons_fe_efficiency/19_install/with_yarn/.yarnrc".
verbose 0.165523648 Checking for configuration file "/Users/lisijia/.yarnrc".
verbose 0.16564206 Found configuration file "/Users/lisijia/.yarnrc".
verbose 0.165913552 Checking for configuration file "/usr/local/etc/yarnrc".
verbose 0.18319482 Checking for configuration file "/Users/lisijia/work/ke/tmp/lessons_fe_efficiency/19_install/with_yarn/.yarnrc".
verbose 0.183376392 Found configuration file "/Users/lisijia/work/ke/tmp/lessons_fe_efficiency/19_install/with_yarn/.yarnrc".
verbose 0.183648046 Checking for configuration file "/Users/lisijia/work/ke/tmp/lessons_fe_efficiency/19_install/.yarnrc".
verbose 0.183784365 Checking for configuration file "/Users/lisijia/work/ke/tmp/lessons_fe_efficiency/.yarnrc".
verbose 0.183911247 Checking for configuration file "/Users/lisijia/work/ke/tmp/.yarnrc".
verbose 0.184028781 Checking for configuration file "/Users/lisijia/work/ke/.yarnrc".
verbose 0.184144064 Checking for configuration file "/Users/lisijia/work/.yarnrc".
verbose 0.184262979 Checking for configuration file "/Users/lisijia/.yarnrc".
verbose 0.184374241 Found configuration file "/Users/lisijia/.yarnrc".
verbose 0.184626058 Checking for configuration file "/Users/.yarnrc".
verbose 0.189811005 current time: 2020-09-30T14:44:28.783Z
[1/4] Resolving packages...
success Already up-to-date.
Done in 0.30s.
